<?xml version="1.0" encoding="UTF-8"?>
<testng-results skipped="0" failed="3" total="3" passed="0">
  <reporter-output>
    <line>
      <![CDATA[<div "result">Load the URL (PASSED : 6s)</div>]]>
    </line>
    <line>
      <![CDATA[<div "result">Maximize the window (FAILED : 1s)</div>]]>
    </line>
    <line>
      <![CDATA[<div "result">Set the Session Timeout (SKIPPED)</div>]]>
    </line>
    <line>
      <![CDATA[<div "result">Enter the userName (SKIPPED)</div>]]>
    </line>
    <line>
      <![CDATA[<div "result">Enter the Password (SKIPPED)</div>]]>
    </line>
    <line>
      <![CDATA[<div "result">Click on the Login Button (SKIPPED)</div>]]>
    </line>
    <line>
      <![CDATA[<div "result">Verify the Success Message (SKIPPED)</div>]]>
    </line>
    <line>
      <![CDATA[<div "result">click on the crm&#x2F;sfa link (SKIPPED)</div>]]>
    </line>
    <line>
      <![CDATA[<div "result">click create lead (SKIPPED)</div>]]>
    </line>
    <line>
      <![CDATA[<div "result">Enter company name as Fiserv (SKIPPED)</div>]]>
    </line>
    <line>
      <![CDATA[<div "result">Enter first name as Siva (SKIPPED)</div>]]>
    </line>
    <line>
      <![CDATA[<div "result">Enter Last name as Sel (SKIPPED)</div>]]>
    </line>
    <line>
      <![CDATA[<div "result">click on the Create Lead (SKIPPED)</div>]]>
    </line>
    <line>
      <![CDATA[<div "result">Verify the FirstName in ViewLead page as Sivaram (SKIPPED)</div>]]>
    </line>
    <line>
      <![CDATA[<div "result">Load the URL (PASSED : 5s)</div>]]>
    </line>
    <line>
      <![CDATA[<div "result">Maximize the window (FAILED : 1s)</div>]]>
    </line>
    <line>
      <![CDATA[<div "result">Set the Session Timeout (SKIPPED)</div>]]>
    </line>
    <line>
      <![CDATA[<div "result">Enter the userName (SKIPPED)</div>]]>
    </line>
    <line>
      <![CDATA[<div "result">Enter the Password (SKIPPED)</div>]]>
    </line>
    <line>
      <![CDATA[<div "result">Click on the Login Button (SKIPPED)</div>]]>
    </line>
    <line>
      <![CDATA[<div "result">Verify the Success Message (SKIPPED)</div>]]>
    </line>
    <line>
      <![CDATA[<div "result">click on the crm&#x2F;sfa link (SKIPPED)</div>]]>
    </line>
    <line>
      <![CDATA[<div "result">click create lead (SKIPPED)</div>]]>
    </line>
    <line>
      <![CDATA[<div "result">Enter company name as TCS (SKIPPED)</div>]]>
    </line>
    <line>
      <![CDATA[<div "result">Enter first name as Bask (SKIPPED)</div>]]>
    </line>
    <line>
      <![CDATA[<div "result">Enter Last name as Test (SKIPPED)</div>]]>
    </line>
    <line>
      <![CDATA[<div "result">click on the Create Lead (SKIPPED)</div>]]>
    </line>
    <line>
      <![CDATA[<div "result">Verify the FirstName in ViewLead page as Sivaram (SKIPPED)</div>]]>
    </line>
    <line>
      <![CDATA[<div "result">Load the URL (PASSED : 6s)</div>]]>
    </line>
    <line>
      <![CDATA[<div "result">Maximize the window (PASSED : 1s)</div>]]>
    </line>
    <line>
      <![CDATA[<div "result">Set the Session Timeout (PASSED : 0s)</div>]]>
    </line>
    <line>
      <![CDATA[<div "result">Enter the userName (FAILED : 0s)</div>]]>
    </line>
    <line>
      <![CDATA[<div "result">Enter the Password (SKIPPED)</div>]]>
    </line>
    <line>
      <![CDATA[<div "result">Click on the Login Button (SKIPPED)</div>]]>
    </line>
    <line>
      <![CDATA[<div "result">Verify the Success Message (SKIPPED)</div>]]>
    </line>
    <line>
      <![CDATA[<div "result">click on the crm&#x2F;sfa link (SKIPPED)</div>]]>
    </line>
    <line>
      <![CDATA[<div "result">click create lead (SKIPPED)</div>]]>
    </line>
    <line>
      <![CDATA[<div "result">Enter company name as temp (SKIPPED)</div>]]>
    </line>
    <line>
      <![CDATA[<div "result">Enter first name as first (SKIPPED)</div>]]>
    </line>
    <line>
      <![CDATA[<div "result">Enter Last name as lastName (SKIPPED)</div>]]>
    </line>
    <line>
      <![CDATA[<div "result">click on the Create Lead (SKIPPED)</div>]]>
    </line>
    <line>
      <![CDATA[<div "result">Verify the FirstName in ViewLead page as Siva (SKIPPED)</div>]]>
    </line>
  </reporter-output>
  <suite name="Default suite" duration-ms="63771" started-at="2019-01-06T07:22:50Z" finished-at="2019-01-06T07:23:54Z">
    <groups>
      <group name="cucumber">
        <method signature="CodeRunnar.runScenario(cucumber.api.testng.PickleEventWrapper, cucumber.api.testng.CucumberFeatureWrapper)[pri:0, instance:runnable.CodeRunnar@136f0f5]" name="runScenario" class="runnable.CodeRunnar"/>
      </group> <!-- cucumber -->
    </groups>
    <test name="Default test" duration-ms="63771" started-at="2019-01-06T07:22:50Z" finished-at="2019-01-06T07:23:54Z">
      <class name="runnable.CodeRunnar">
        <test-method status="PASS" signature="setUpClass()[pri:0, instance:runnable.CodeRunnar@136f0f5]" name="setUpClass" is-config="true" duration-ms="4134" started-at="2019-01-06T12:52:50Z" finished-at="2019-01-06T12:52:54Z">
          <reporter-output>
          </reporter-output>
        </test-method> <!-- setUpClass -->
        <test-method status="FAIL" signature="runScenario(cucumber.api.testng.PickleEventWrapper, cucumber.api.testng.CucumberFeatureWrapper)[pri:0, instance:runnable.CodeRunnar@136f0f5]" name="runScenario" duration-ms="32017" started-at="2019-01-06T12:52:54Z" description="Runs Cucumber Scenarios" data-provider="scenarios" finished-at="2019-01-06T12:53:26Z">
          <params>
            <param index="0">
              <value>
                <![CDATA["CreateLead on Leaftaps (Positive Case)"]]>
              </value>
            </param>
            <param index="1">
              <value>
                <![CDATA["CreateLead on Leaftaps"]]>
              </value>
            </param>
          </params>
          <exception class="org.openqa.selenium.WebDriverException">
            <message>
              <![CDATA[unknown error: failed to change window state to maximized, current state is normal
  (Session info: chrome=69.0.3497.100)
  (Driver info: chromedriver=2.33.506120 (e3e53437346286c0bc2d2dc9aa4915ba81d9023f),platform=Windows NT 10.0.17134 x86_64) (WARNING: The server did not provide any stacktrace information)
Command duration or timeout: 1.38 seconds
Build info: version: '3.4.0', revision: 'unknown', time: 'unknown'
System info: host: 'GENIUS', ip: '192.168.42.190', os.name: 'Windows 8.1', os.arch: 'x86', os.version: '6.3', java.version: '1.8.0'
Driver info: org.openqa.selenium.chrome.ChromeDriver
Capabilities [{applicationCacheEnabled=false, rotatable=false, mobileEmulationEnabled=false, networkConnectionEnabled=false, chrome={chromedriverVersion=2.33.506120 (e3e53437346286c0bc2d2dc9aa4915ba81d9023f), userDataDir=C:\Users\Genius\AppData\Local\Temp\scoped_dir1656_1094}, takesHeapSnapshot=true, pageLoadStrategy=normal, databaseEnabled=false, handlesAlerts=true, hasTouchScreen=false, version=69.0.3497.100, platform=WIN8_1, browserConnectionEnabled=false, nativeEvents=true, acceptSslCerts=true, locationContextEnabled=true, webStorageEnabled=true, browserName=chrome, takesScreenshot=true, javascriptEnabled=true, cssSelectorsEnabled=true, setWindowRect=true, unexpectedAlertBehaviour=}]
Session ID: af8ec92d08197a44286b9ae406e332bc]]>
            </message>
            <full-stacktrace>
              <![CDATA[org.openqa.selenium.WebDriverException: unknown error: failed to change window state to maximized, current state is normal
  (Session info: chrome=69.0.3497.100)
  (Driver info: chromedriver=2.33.506120 (e3e53437346286c0bc2d2dc9aa4915ba81d9023f),platform=Windows NT 10.0.17134 x86_64) (WARNING: The server did not provide any stacktrace information)
Command duration or timeout: 1.38 seconds
Build info: version: '3.4.0', revision: 'unknown', time: 'unknown'
System info: host: 'GENIUS', ip: '192.168.42.190', os.name: 'Windows 8.1', os.arch: 'x86', os.version: '6.3', java.version: '1.8.0'
Driver info: org.openqa.selenium.chrome.ChromeDriver
Capabilities [{applicationCacheEnabled=false, rotatable=false, mobileEmulationEnabled=false, networkConnectionEnabled=false, chrome={chromedriverVersion=2.33.506120 (e3e53437346286c0bc2d2dc9aa4915ba81d9023f), userDataDir=C:\Users\Genius\AppData\Local\Temp\scoped_dir1656_1094}, takesHeapSnapshot=true, pageLoadStrategy=normal, databaseEnabled=false, handlesAlerts=true, hasTouchScreen=false, version=69.0.3497.100, platform=WIN8_1, browserConnectionEnabled=false, nativeEvents=true, acceptSslCerts=true, locationContextEnabled=true, webStorageEnabled=true, browserName=chrome, takesScreenshot=true, javascriptEnabled=true, cssSelectorsEnabled=true, setWindowRect=true, unexpectedAlertBehaviour=}]
Session ID: af8ec92d08197a44286b9ae406e332bc
	at sun.reflect.NativeConstructorAccessorImpl.newInstance0(Native Method)
	at sun.reflect.NativeConstructorAccessorImpl.newInstance(Unknown Source)
	at sun.reflect.DelegatingConstructorAccessorImpl.newInstance(Unknown Source)
	at java.lang.reflect.Constructor.newInstance(Unknown Source)
	at org.openqa.selenium.remote.ErrorHandler.createThrowable(ErrorHandler.java:215)
	at org.openqa.selenium.remote.ErrorHandler.throwIfResponseFailed(ErrorHandler.java:167)
	at org.openqa.selenium.remote.RemoteWebDriver.execute(RemoteWebDriver.java:671)
	at org.openqa.selenium.remote.RemoteWebDriver.execute(RemoteWebDriver.java:694)
	at org.openqa.selenium.remote.RemoteWebDriver$RemoteWebDriverOptions$RemoteWindow.maximize(RemoteWebDriver.java:925)
	at stepDefinitions.LoginPage.maximizeWindow(LoginPage.java:36)
	at ✽.Maximize the window(./src/main/java/features/CreateLeadWithSceOutline.feature:6)
]]>
            </full-stacktrace>
          </exception> <!-- org.openqa.selenium.WebDriverException -->
          <reporter-output>
            <line>
              <![CDATA[<div "result">Load the URL (PASSED : 6s)</div>]]>
            </line>
            <line>
              <![CDATA[<div "result">Maximize the window (FAILED : 1s)</div>]]>
            </line>
            <line>
              <![CDATA[<div "result">Set the Session Timeout (SKIPPED)</div>]]>
            </line>
            <line>
              <![CDATA[<div "result">Enter the userName (SKIPPED)</div>]]>
            </line>
            <line>
              <![CDATA[<div "result">Enter the Password (SKIPPED)</div>]]>
            </line>
            <line>
              <![CDATA[<div "result">Click on the Login Button (SKIPPED)</div>]]>
            </line>
            <line>
              <![CDATA[<div "result">Verify the Success Message (SKIPPED)</div>]]>
            </line>
            <line>
              <![CDATA[<div "result">click on the crm&#x2F;sfa link (SKIPPED)</div>]]>
            </line>
            <line>
              <![CDATA[<div "result">click create lead (SKIPPED)</div>]]>
            </line>
            <line>
              <![CDATA[<div "result">Enter company name as Fiserv (SKIPPED)</div>]]>
            </line>
            <line>
              <![CDATA[<div "result">Enter first name as Siva (SKIPPED)</div>]]>
            </line>
            <line>
              <![CDATA[<div "result">Enter Last name as Sel (SKIPPED)</div>]]>
            </line>
            <line>
              <![CDATA[<div "result">click on the Create Lead (SKIPPED)</div>]]>
            </line>
            <line>
              <![CDATA[<div "result">Verify the FirstName in ViewLead page as Sivaram (SKIPPED)</div>]]>
            </line>
          </reporter-output>
        </test-method> <!-- runScenario -->
        <test-method status="FAIL" signature="runScenario(cucumber.api.testng.PickleEventWrapper, cucumber.api.testng.CucumberFeatureWrapper)[pri:0, instance:runnable.CodeRunnar@136f0f5]" name="runScenario" duration-ms="13367" started-at="2019-01-06T12:53:26Z" description="Runs Cucumber Scenarios" data-provider="scenarios" finished-at="2019-01-06T12:53:40Z">
          <params>
            <param index="0">
              <value>
                <![CDATA["CreateLead on Leaftaps (Positive Case)"]]>
              </value>
            </param>
            <param index="1">
              <value>
                <![CDATA["CreateLead on Leaftaps"]]>
              </value>
            </param>
          </params>
          <exception class="org.openqa.selenium.WebDriverException">
            <message>
              <![CDATA[unknown error: failed to change window state to maximized, current state is normal
  (Session info: chrome=69.0.3497.100)
  (Driver info: chromedriver=2.33.506120 (e3e53437346286c0bc2d2dc9aa4915ba81d9023f),platform=Windows NT 10.0.17134 x86_64) (WARNING: The server did not provide any stacktrace information)
Command duration or timeout: 1.14 seconds
Build info: version: '3.4.0', revision: 'unknown', time: 'unknown'
System info: host: 'GENIUS', ip: '192.168.42.190', os.name: 'Windows 8.1', os.arch: 'x86', os.version: '6.3', java.version: '1.8.0'
Driver info: org.openqa.selenium.chrome.ChromeDriver
Capabilities [{applicationCacheEnabled=false, rotatable=false, mobileEmulationEnabled=false, networkConnectionEnabled=false, chrome={chromedriverVersion=2.33.506120 (e3e53437346286c0bc2d2dc9aa4915ba81d9023f), userDataDir=C:\Users\Genius\AppData\Local\Temp\scoped_dir13084_10448}, takesHeapSnapshot=true, pageLoadStrategy=normal, databaseEnabled=false, handlesAlerts=true, hasTouchScreen=false, version=69.0.3497.100, platform=WIN8_1, browserConnectionEnabled=false, nativeEvents=true, acceptSslCerts=true, locationContextEnabled=true, webStorageEnabled=true, browserName=chrome, takesScreenshot=true, javascriptEnabled=true, cssSelectorsEnabled=true, setWindowRect=true, unexpectedAlertBehaviour=}]
Session ID: 29da44185c11b2831aba532d242380db]]>
            </message>
            <full-stacktrace>
              <![CDATA[org.openqa.selenium.WebDriverException: unknown error: failed to change window state to maximized, current state is normal
  (Session info: chrome=69.0.3497.100)
  (Driver info: chromedriver=2.33.506120 (e3e53437346286c0bc2d2dc9aa4915ba81d9023f),platform=Windows NT 10.0.17134 x86_64) (WARNING: The server did not provide any stacktrace information)
Command duration or timeout: 1.14 seconds
Build info: version: '3.4.0', revision: 'unknown', time: 'unknown'
System info: host: 'GENIUS', ip: '192.168.42.190', os.name: 'Windows 8.1', os.arch: 'x86', os.version: '6.3', java.version: '1.8.0'
Driver info: org.openqa.selenium.chrome.ChromeDriver
Capabilities [{applicationCacheEnabled=false, rotatable=false, mobileEmulationEnabled=false, networkConnectionEnabled=false, chrome={chromedriverVersion=2.33.506120 (e3e53437346286c0bc2d2dc9aa4915ba81d9023f), userDataDir=C:\Users\Genius\AppData\Local\Temp\scoped_dir13084_10448}, takesHeapSnapshot=true, pageLoadStrategy=normal, databaseEnabled=false, handlesAlerts=true, hasTouchScreen=false, version=69.0.3497.100, platform=WIN8_1, browserConnectionEnabled=false, nativeEvents=true, acceptSslCerts=true, locationContextEnabled=true, webStorageEnabled=true, browserName=chrome, takesScreenshot=true, javascriptEnabled=true, cssSelectorsEnabled=true, setWindowRect=true, unexpectedAlertBehaviour=}]
Session ID: 29da44185c11b2831aba532d242380db
	at sun.reflect.NativeConstructorAccessorImpl.newInstance0(Native Method)
	at sun.reflect.NativeConstructorAccessorImpl.newInstance(Unknown Source)
	at sun.reflect.DelegatingConstructorAccessorImpl.newInstance(Unknown Source)
	at java.lang.reflect.Constructor.newInstance(Unknown Source)
	at org.openqa.selenium.remote.ErrorHandler.createThrowable(ErrorHandler.java:215)
	at org.openqa.selenium.remote.ErrorHandler.throwIfResponseFailed(ErrorHandler.java:167)
	at org.openqa.selenium.remote.RemoteWebDriver.execute(RemoteWebDriver.java:671)
	at org.openqa.selenium.remote.RemoteWebDriver.execute(RemoteWebDriver.java:694)
	at org.openqa.selenium.remote.RemoteWebDriver$RemoteWebDriverOptions$RemoteWindow.maximize(RemoteWebDriver.java:925)
	at stepDefinitions.LoginPage.maximizeWindow(LoginPage.java:36)
	at ✽.Maximize the window(./src/main/java/features/CreateLeadWithSceOutline.feature:6)
]]>
            </full-stacktrace>
          </exception> <!-- org.openqa.selenium.WebDriverException -->
          <reporter-output>
            <line>
              <![CDATA[<div "result">Load the URL (PASSED : 5s)</div>]]>
            </line>
            <line>
              <![CDATA[<div "result">Maximize the window (FAILED : 1s)</div>]]>
            </line>
            <line>
              <![CDATA[<div "result">Set the Session Timeout (SKIPPED)</div>]]>
            </line>
            <line>
              <![CDATA[<div "result">Enter the userName (SKIPPED)</div>]]>
            </line>
            <line>
              <![CDATA[<div "result">Enter the Password (SKIPPED)</div>]]>
            </line>
            <line>
              <![CDATA[<div "result">Click on the Login Button (SKIPPED)</div>]]>
            </line>
            <line>
              <![CDATA[<div "result">Verify the Success Message (SKIPPED)</div>]]>
            </line>
            <line>
              <![CDATA[<div "result">click on the crm&#x2F;sfa link (SKIPPED)</div>]]>
            </line>
            <line>
              <![CDATA[<div "result">click create lead (SKIPPED)</div>]]>
            </line>
            <line>
              <![CDATA[<div "result">Enter company name as TCS (SKIPPED)</div>]]>
            </line>
            <line>
              <![CDATA[<div "result">Enter first name as Bask (SKIPPED)</div>]]>
            </line>
            <line>
              <![CDATA[<div "result">Enter Last name as Test (SKIPPED)</div>]]>
            </line>
            <line>
              <![CDATA[<div "result">click on the Create Lead (SKIPPED)</div>]]>
            </line>
            <line>
              <![CDATA[<div "result">Verify the FirstName in ViewLead page as Sivaram (SKIPPED)</div>]]>
            </line>
          </reporter-output>
        </test-method> <!-- runScenario -->
        <test-method status="FAIL" signature="runScenario(cucumber.api.testng.PickleEventWrapper, cucumber.api.testng.CucumberFeatureWrapper)[pri:0, instance:runnable.CodeRunnar@136f0f5]" name="runScenario" duration-ms="13651" started-at="2019-01-06T12:53:40Z" description="Runs Cucumber Scenarios" data-provider="scenarios" finished-at="2019-01-06T12:53:53Z">
          <params>
            <param index="0">
              <value>
                <![CDATA["CreateLead on Leaftaps (Positive Case)"]]>
              </value>
            </param>
            <param index="1">
              <value>
                <![CDATA["CreateLead on Leaftaps"]]>
              </value>
            </param>
          </params>
          <exception class="org.openqa.selenium.WebDriverException">
            <message>
              <![CDATA[unknown error: call function result missing 'value'
  (Session info: chrome=69.0.3497.100)
  (Driver info: chromedriver=2.33.506120 (e3e53437346286c0bc2d2dc9aa4915ba81d9023f),platform=Windows NT 10.0.17134 x86_64) (WARNING: The server did not provide any stacktrace information)
Command duration or timeout: 240 milliseconds
Build info: version: '3.4.0', revision: 'unknown', time: 'unknown'
System info: host: 'GENIUS', ip: '192.168.42.190', os.name: 'Windows 8.1', os.arch: 'x86', os.version: '6.3', java.version: '1.8.0'
Driver info: org.openqa.selenium.chrome.ChromeDriver
Capabilities [{applicationCacheEnabled=false, rotatable=false, mobileEmulationEnabled=false, networkConnectionEnabled=false, chrome={chromedriverVersion=2.33.506120 (e3e53437346286c0bc2d2dc9aa4915ba81d9023f), userDataDir=C:\Users\Genius\AppData\Local\Temp\scoped_dir11752_20678}, takesHeapSnapshot=true, pageLoadStrategy=normal, databaseEnabled=false, handlesAlerts=true, hasTouchScreen=false, version=69.0.3497.100, platform=WIN8_1, browserConnectionEnabled=false, nativeEvents=true, acceptSslCerts=true, locationContextEnabled=true, webStorageEnabled=true, browserName=chrome, takesScreenshot=true, javascriptEnabled=true, cssSelectorsEnabled=true, setWindowRect=true, unexpectedAlertBehaviour=}]
Session ID: 9d9f94cb4fc0f03345f6c1ccc9ec14c4]]>
            </message>
            <full-stacktrace>
              <![CDATA[org.openqa.selenium.WebDriverException: unknown error: call function result missing 'value'
  (Session info: chrome=69.0.3497.100)
  (Driver info: chromedriver=2.33.506120 (e3e53437346286c0bc2d2dc9aa4915ba81d9023f),platform=Windows NT 10.0.17134 x86_64) (WARNING: The server did not provide any stacktrace information)
Command duration or timeout: 240 milliseconds
Build info: version: '3.4.0', revision: 'unknown', time: 'unknown'
System info: host: 'GENIUS', ip: '192.168.42.190', os.name: 'Windows 8.1', os.arch: 'x86', os.version: '6.3', java.version: '1.8.0'
Driver info: org.openqa.selenium.chrome.ChromeDriver
Capabilities [{applicationCacheEnabled=false, rotatable=false, mobileEmulationEnabled=false, networkConnectionEnabled=false, chrome={chromedriverVersion=2.33.506120 (e3e53437346286c0bc2d2dc9aa4915ba81d9023f), userDataDir=C:\Users\Genius\AppData\Local\Temp\scoped_dir11752_20678}, takesHeapSnapshot=true, pageLoadStrategy=normal, databaseEnabled=false, handlesAlerts=true, hasTouchScreen=false, version=69.0.3497.100, platform=WIN8_1, browserConnectionEnabled=false, nativeEvents=true, acceptSslCerts=true, locationContextEnabled=true, webStorageEnabled=true, browserName=chrome, takesScreenshot=true, javascriptEnabled=true, cssSelectorsEnabled=true, setWindowRect=true, unexpectedAlertBehaviour=}]
Session ID: 9d9f94cb4fc0f03345f6c1ccc9ec14c4
	at sun.reflect.NativeConstructorAccessorImpl.newInstance0(Native Method)
	at sun.reflect.NativeConstructorAccessorImpl.newInstance(Unknown Source)
	at sun.reflect.DelegatingConstructorAccessorImpl.newInstance(Unknown Source)
	at java.lang.reflect.Constructor.newInstance(Unknown Source)
	at org.openqa.selenium.remote.ErrorHandler.createThrowable(ErrorHandler.java:215)
	at org.openqa.selenium.remote.ErrorHandler.throwIfResponseFailed(ErrorHandler.java:167)
	at org.openqa.selenium.remote.RemoteWebDriver.execute(RemoteWebDriver.java:671)
	at org.openqa.selenium.remote.RemoteWebElement.execute(RemoteWebElement.java:272)
	at org.openqa.selenium.remote.RemoteWebElement.sendKeys(RemoteWebElement.java:96)
	at sun.reflect.NativeMethodAccessorImpl.invoke0(Native Method)
	at sun.reflect.NativeMethodAccessorImpl.invoke(Unknown Source)
	at sun.reflect.DelegatingMethodAccessorImpl.invoke(Unknown Source)
	at java.lang.reflect.Method.invoke(Unknown Source)
	at org.openqa.selenium.support.pagefactory.internal.LocatingElementHandler.invoke(LocatingElementHandler.java:51)
	at com.sun.proxy.$Proxy20.sendKeys(Unknown Source)
	at stepDefinitions.LoginPage.enterUserName(LoginPage.java:60)
	at ✽.Enter the userName(./src/main/java/features/CreateLeadWithSceOutline.feature:8)
]]>
            </full-stacktrace>
          </exception> <!-- org.openqa.selenium.WebDriverException -->
          <reporter-output>
            <line>
              <![CDATA[<div "result">Load the URL (PASSED : 6s)</div>]]>
            </line>
            <line>
              <![CDATA[<div "result">Maximize the window (PASSED : 1s)</div>]]>
            </line>
            <line>
              <![CDATA[<div "result">Set the Session Timeout (PASSED : 0s)</div>]]>
            </line>
            <line>
              <![CDATA[<div "result">Enter the userName (FAILED : 0s)</div>]]>
            </line>
            <line>
              <![CDATA[<div "result">Enter the Password (SKIPPED)</div>]]>
            </line>
            <line>
              <![CDATA[<div "result">Click on the Login Button (SKIPPED)</div>]]>
            </line>
            <line>
              <![CDATA[<div "result">Verify the Success Message (SKIPPED)</div>]]>
            </line>
            <line>
              <![CDATA[<div "result">click on the crm&#x2F;sfa link (SKIPPED)</div>]]>
            </line>
            <line>
              <![CDATA[<div "result">click create lead (SKIPPED)</div>]]>
            </line>
            <line>
              <![CDATA[<div "result">Enter company name as temp (SKIPPED)</div>]]>
            </line>
            <line>
              <![CDATA[<div "result">Enter first name as first (SKIPPED)</div>]]>
            </line>
            <line>
              <![CDATA[<div "result">Enter Last name as lastName (SKIPPED)</div>]]>
            </line>
            <line>
              <![CDATA[<div "result">click on the Create Lead (SKIPPED)</div>]]>
            </line>
            <line>
              <![CDATA[<div "result">Verify the FirstName in ViewLead page as Siva (SKIPPED)</div>]]>
            </line>
          </reporter-output>
        </test-method> <!-- runScenario -->
        <test-method status="PASS" signature="tearDownClass()[pri:0, instance:runnable.CodeRunnar@136f0f5]" name="tearDownClass" is-config="true" duration-ms="373" started-at="2019-01-06T12:53:53Z" finished-at="2019-01-06T12:53:54Z">
          <reporter-output>
          </reporter-output>
        </test-method> <!-- tearDownClass -->
      </class> <!-- runnable.CodeRunnar -->
    </test> <!-- Default test -->
  </suite> <!-- Default suite -->
</testng-results>
